2022-01-18 11:43:27 [DEBUG] 메인 페이지 접속
2022-01-18 11:43:27 [INFO] 메인 페이지 접속
2022-01-18 11:43:27 [WARN] 메인 페이지 접속
2022-01-18 11:43:27 [ERROR] 메인 페이지 접속
2022-01-18 12:50:58 [DEBUG] 메인 페이지 접속
2022-01-18 12:50:58 [INFO] 메인 페이지 접속
2022-01-18 12:50:58 [WARN] 메인 페이지 접속
2022-01-18 12:50:58 [ERROR] 메인 페이지 접속
2022-01-18 12:51:04 [DEBUG] 메인 페이지 접속
2022-01-18 12:51:04 [INFO] 메인 페이지 접속
2022-01-18 12:51:04 [WARN] 메인 페이지 접속
2022-01-18 12:51:04 [ERROR] 메인 페이지 접속
2022-01-18 14:12:30 [DEBUG] 요청이 전달되서 컨트롤러 메소드가 수행됨
2022-01-18 14:12:30 [DEBUG] 메인 페이지 접속
2022-01-18 14:12:30 [INFO] 메인 페이지 접속
2022-01-18 14:12:30 [WARN] 메인 페이지 접속
2022-01-18 14:12:30 [ERROR] 메인 페이지 접속
2022-01-18 14:12:32 [DEBUG] 요청이 전달되서 컨트롤러 메소드가 수행됨
2022-01-18 14:12:34 [DEBUG] 요청이 전달되서 컨트롤러 메소드가 수행됨
2022-01-18 14:12:34 [DEBUG] 메인 페이지 접속
2022-01-18 14:12:34 [INFO] 메인 페이지 접속
2022-01-18 14:12:34 [WARN] 메인 페이지 접속
2022-01-18 14:12:34 [ERROR] 메인 페이지 접속
2022-01-18 14:12:41 [DEBUG] 요청이 전달되서 컨트롤러 메소드가 수행됨
2022-01-18 14:12:43 [DEBUG] 요청이 전달되서 컨트롤러 메소드가 수행됨
2022-01-18 14:12:43 [DEBUG] 메인 페이지 접속
2022-01-18 14:12:43 [INFO] 메인 페이지 접속
2022-01-18 14:12:43 [WARN] 메인 페이지 접속
2022-01-18 14:12:43 [ERROR] 메인 페이지 접속
2022-01-18 14:12:44 [DEBUG] 요청이 전달되서 컨트롤러 메소드가 수행됨
2022-01-18 14:12:44 [DEBUG] 메인 페이지 접속
2022-01-18 14:12:44 [INFO] 메인 페이지 접속
2022-01-18 14:12:44 [WARN] 메인 페이지 접속
2022-01-18 14:12:44 [ERROR] 메인 페이지 접속
2022-01-18 14:12:44 [DEBUG] 요청이 전달되서 컨트롤러 메소드가 수행됨
2022-01-18 14:12:44 [DEBUG] 메인 페이지 접속
2022-01-18 14:12:44 [INFO] 메인 페이지 접속
2022-01-18 14:12:44 [WARN] 메인 페이지 접속
2022-01-18 14:12:44 [ERROR] 메인 페이지 접속
2022-01-18 14:12:45 [DEBUG] 요청이 전달되서 컨트롤러 메소드가 수행됨
2022-01-18 14:12:46 [DEBUG] 요청이 전달되서 컨트롤러 메소드가 수행됨
2022-01-18 14:12:46 [DEBUG] 요청이 전달되서 컨트롤러 메소드가 수행됨
2022-01-18 14:12:47 [DEBUG] 요청이 전달되서 컨트롤러 메소드가 수행됨
2022-01-18 14:25:46 [DEBUG] 요청이 전달되서 컨트롤러 메소드가 수행됨
2022-01-18 14:25:46 [DEBUG] []
2022-01-18 14:25:46 [DEBUG] 메인 페이지 접속
2022-01-18 14:25:46 [INFO] 메인 페이지 접속
2022-01-18 14:25:46 [WARN] 메인 페이지 접속
2022-01-18 14:25:46 [ERROR] 메인 페이지 접속
2022-01-18 14:25:51 [DEBUG] 요청이 전달되서 컨트롤러 메소드가 수행됨
2022-01-18 14:25:51 [DEBUG] [Member [memberNo=0, memberId=user01, memberPw=123123!, memberName=null, memberPhone=null, memberEmail=null, memberAddress=null, enrollDate=null, statusCode=0, gradeCode=0], {member=Member [memberNo=0, memberId=user01, memberPw=123123!, memberName=null, memberPhone=null, memberEmail=null, memberAddress=null, enrollDate=null, statusCode=0, gradeCode=0], org.springframework.validation.BindingResult.member=org.springframework.validation.BeanPropertyBindingResult: 0 errors}, {}, on, org.apache.catalina.connector.RequestFacade@4f938cfb, org.apache.catalina.connector.ResponseFacade@384d3692]
2022-01-18 14:25:52 [DEBUG] 요청이 전달되서 컨트롤러 메소드가 수행됨
2022-01-18 14:25:52 [DEBUG] []
2022-01-18 14:25:52 [DEBUG] 메인 페이지 접속
2022-01-18 14:25:52 [INFO] 메인 페이지 접속
2022-01-18 14:25:52 [WARN] 메인 페이지 접속
2022-01-18 14:25:52 [ERROR] 메인 페이지 접속
2022-01-18 14:25:54 [DEBUG] 요청이 전달되서 컨트롤러 메소드가 수행됨
2022-01-18 14:25:54 [DEBUG] [{loginMember=Member [memberNo=1, memberId=user01, memberPw=null, memberName=유저일, memberPhone=010-1111-1111, memberEmail=user01@kh.or.kr, memberAddress=06134,,서울특별시 강남구 테헤란로 101,,2층, enrollDate=2022-01-03, statusCode=1, gradeCode=1]}]
2022-01-18 14:26:20 [DEBUG] 요청이 전달되서 컨트롤러 메소드가 수행됨
2022-01-18 14:26:20 [DEBUG] [org.springframework.web.bind.support.SimpleSessionStatus@39d41fce]
2022-01-18 14:26:21 [DEBUG] 요청이 전달되서 컨트롤러 메소드가 수행됨
2022-01-18 14:26:21 [DEBUG] []
2022-01-18 14:26:21 [DEBUG] 메인 페이지 접속
2022-01-18 14:26:21 [INFO] 메인 페이지 접속
2022-01-18 14:26:21 [WARN] 메인 페이지 접속
2022-01-18 14:26:21 [ERROR] 메인 페이지 접속
2022-01-18 14:26:24 [DEBUG] 요청이 전달되서 컨트롤러 메소드가 수행됨
2022-01-18 14:26:24 [DEBUG] [Member [memberNo=0, memberId=user01, memberPw=123123!, memberName=null, memberPhone=null, memberEmail=null, memberAddress=null, enrollDate=null, statusCode=0, gradeCode=0], {member=Member [memberNo=0, memberId=user01, memberPw=123123!, memberName=null, memberPhone=null, memberEmail=null, memberAddress=null, enrollDate=null, statusCode=0, gradeCode=0], org.springframework.validation.BindingResult.member=org.springframework.validation.BeanPropertyBindingResult: 0 errors}, {}, on, org.apache.catalina.connector.RequestFacade@4f938cfb, org.apache.catalina.connector.ResponseFacade@384d3692]
2022-01-18 14:26:24 [DEBUG] 요청이 전달되서 컨트롤러 메소드가 수행됨
2022-01-18 14:26:24 [DEBUG] []
2022-01-18 14:26:24 [DEBUG] 메인 페이지 접속
2022-01-18 14:26:24 [INFO] 메인 페이지 접속
2022-01-18 14:26:24 [WARN] 메인 페이지 접속
2022-01-18 14:26:24 [ERROR] 메인 페이지 접속
2022-01-18 14:26:30 [DEBUG] 요청이 전달되서 컨트롤러 메소드가 수행됨
2022-01-18 14:26:30 [DEBUG] []
2022-01-18 14:26:30 [DEBUG] 메인 페이지 접속
2022-01-18 14:26:30 [INFO] 메인 페이지 접속
2022-01-18 14:26:30 [WARN] 메인 페이지 접속
2022-01-18 14:26:30 [ERROR] 메인 페이지 접속
2022-01-18 14:26:32 [DEBUG] 요청이 전달되서 컨트롤러 메소드가 수행됨
2022-01-18 14:26:32 [DEBUG] [{loginMember=Member [memberNo=1, memberId=user01, memberPw=null, memberName=유저일, memberPhone=010-1111-1111, memberEmail=user01@kh.or.kr, memberAddress=06134,,서울특별시 강남구 테헤란로 101,,2층, enrollDate=2022-01-03, statusCode=1, gradeCode=1]}]
2022-01-18 14:26:33 [DEBUG] 요청이 전달되서 컨트롤러 메소드가 수행됨
2022-01-18 14:26:33 [DEBUG] [1, {loginMember=Member [memberNo=1, memberId=user01, memberPw=null, memberName=유저일, memberPhone=010-1111-1111, memberEmail=user01@kh.or.kr, memberAddress=06134,,서울특별시 강남구 테헤란로 101,,2층, enrollDate=2022-01-03, statusCode=1, gradeCode=1], search=edu.kh.fin.board.model.vo.Search@1bc4d4e7, org.springframework.validation.BindingResult.search=org.springframework.validation.BeanPropertyBindingResult: 0 errors}, edu.kh.fin.board.model.vo.Search@1bc4d4e7]
2022-01-18 14:35:04 [INFO] [Controller]edu.kh.fin.HomeController.mainForward
2022-01-18 14:35:07 [INFO] [Controller]edu.kh.fin.member.controller.MemberController.login5
2022-01-18 14:35:08 [INFO] [Controller]edu.kh.fin.HomeController.mainForward
2022-01-18 14:35:15 [INFO] [Controller]edu.kh.fin.chat.controller.ChatController.chatRoomList
2022-01-18 14:35:22 [INFO] [Controller]edu.kh.fin.board.controller.BoardController.selectBoardList
2022-01-18 14:35:23 [INFO] [Controller]edu.kh.fin.member.controller.MemberController.myPage
2022-01-18 14:35:25 [INFO] [Controller]edu.kh.fin.member.controller.MemberController.updatePw
2022-01-18 14:35:27 [INFO] [Controller]edu.kh.fin.member.controller.MemberController.secession
2022-01-18 14:35:29 [INFO] [Controller]edu.kh.fin.member.controller.MemberController.myPage
2022-01-18 14:35:31 [INFO] [Controller]edu.kh.fin.HomeController.mainForward
2022-01-18 14:37:04 [INFO] [Controller]HomeController.mainForward
2022-01-18 14:37:08 [INFO] [Controller]MemberController.login5
2022-01-18 14:37:09 [INFO] [Controller]HomeController.mainForward
2022-01-18 14:37:11 [INFO] [Controller]ChatController.chatRoomList
2022-01-18 15:11:06 [INFO] [ip]0:0:0:0:0:0:0:1 [Controller]HomeController.mainForward
2022-01-18 15:11:09 [INFO] [ip]0:0:0:0:0:0:0:1 [Controller]MemberController.login5
2022-01-18 15:11:11 [INFO] [ip]0:0:0:0:0:0:0:1(id:user01) [Controller]HomeController.mainForward
2022-01-18 15:11:14 [INFO] [ip]0:0:0:0:0:0:0:1(id:user01) [Controller]ChatController.chatRoomList
2022-01-18 15:28:33 [INFO] [ip]0:0:0:0:0:0:0:1 [Controller]HomeController.mainForward
2022-01-18 15:28:36 [INFO] [ip]0:0:0:0:0:0:0:1 [Controller]MemberController.login5
2022-01-18 15:28:38 [INFO] [ip]0:0:0:0:0:0:0:1(id:user01) [Controller]HomeController.mainForward
2022-01-18 15:48:05 [INFO] [ip]0:0:0:0:0:0:0:1 [Controller]HomeController.mainForward
2022-01-18 15:48:05 [DEBUG] [Service]HomeController-mainForward()[Running Time]35ms[Param][]
2022-01-18 15:48:09 [INFO] [ip]0:0:0:0:0:0:0:1 [Controller]MemberController.login5
2022-01-18 15:48:10 [DEBUG] [Service]MemberController-login5()[Running Time]1797ms[Param][Member [memberNo=0, memberId=user01, memberPw=123123!, memberName=null, memberPhone=null, memberEmail=null, memberAddress=null, enrollDate=null, statusCode=0, gradeCode=0], {member=Member [memberNo=0, memberId=user01, memberPw=123123!, memberName=null, memberPhone=null, memberEmail=null, memberAddress=null, enrollDate=null, statusCode=0, gradeCode=0], org.springframework.validation.BindingResult.member=org.springframework.validation.BeanPropertyBindingResult: 0 errors, loginMember=Member [memberNo=1, memberId=user01, memberPw=null, memberName=유저일, memberPhone=010-1111-1111, memberEmail=user01@kh.or.kr, memberAddress=06134,,서울특별시 강남구 테헤란로 101,,2층, enrollDate=2022-01-03, statusCode=1, gradeCode=1]}, {}, on, org.apache.catalina.connector.RequestFacade@17e35d22, org.apache.catalina.connector.ResponseFacade@2569debe]
2022-01-18 15:48:10 [INFO] [ip]0:0:0:0:0:0:0:1(id:user01) [Controller]HomeController.mainForward
2022-01-18 15:48:10 [DEBUG] [Service]HomeController-mainForward()[Running Time]1ms[Param][]
2022-01-18 15:49:11 [INFO] [ip]0:0:0:0:0:0:0:1(id:user01) [Controller]ChatController.chatRoomList
2022-01-18 15:49:11 [DEBUG] [Service]ChatController-chatRoomList()[Running Time]8ms[Param][{loginMember=Member [memberNo=1, memberId=user01, memberPw=null, memberName=유저일, memberPhone=010-1111-1111, memberEmail=user01@kh.or.kr, memberAddress=06134,,서울특별시 강남구 테헤란로 101,,2층, enrollDate=2022-01-03, statusCode=1, gradeCode=1], chatRoomList=[edu.kh.fin.chat.model.vo.ChatRoom@7c099234, edu.kh.fin.chat.model.vo.ChatRoom@3c2de6c2, edu.kh.fin.chat.model.vo.ChatRoom@57b21087]}]
2022-01-18 15:49:13 [INFO] [ip]0:0:0:0:0:0:0:1(id:user01) [Controller]BoardController.selectBoardList
2022-01-18 15:49:13 [DEBUG] [Service]BoardController-selectBoardList()[Running Time]32ms[Param][1, {loginMember=Member [memberNo=1, memberId=user01, memberPw=null, memberName=유저일, memberPhone=010-1111-1111, memberEmail=user01@kh.or.kr, memberAddress=06134,,서울특별시 강남구 테헤란로 101,,2층, enrollDate=2022-01-03, statusCode=1, gradeCode=1], search=edu.kh.fin.board.model.vo.Search@4559cd2d, org.springframework.validation.BindingResult.search=org.springframework.validation.BeanPropertyBindingResult: 0 errors, category=[Category [categoryCode=1, categoryName=잡담], Category [categoryCode=2, categoryName=질문], Category [categoryCode=3, categoryName=뉴스]], pagination=Pagination [currentPage=1, listCount=409, limit=10, pageSize=10, maxPage=41, startPage=1, endPage=10, prevPage=1, nextPage=11], boardList=[Board [boardNo=521, boardTitle=123, boardContent=null, createDate=2022-01-11, modifyDate=null, readCount=82, memberNo=1, statusCode=1, categoryCode=3, memberName=유저일, categoryName=뉴스, statusName=정상, imgList=[BoardImage [imgNo=42, imgPath=/resources/images/board/, imgName=20220111152352_85433.jpg, imgOriginal=srkFPZ.jpg, imgLevel=0, boardNo=521], BoardImage [imgNo=47, imgPath=/resources/images/board/, imgName=20220111153152_57853.jpg, imgOriginal=srkFPZ.jpg, imgLevel=1, boardNo=521]]], Board [boardNo=504, boardTitle=testtest, boardContent=null, createDate=2022-01-10, modifyDate=null, readCount=53, memberNo=1, statusCode=1, categoryCode=1, memberName=유저일, categoryName=잡담, statusName=정상, imgList=[BoardImage [imgNo=24, imgPath=/resources/images/board/, imgName=20220110170633_52840.jpg, imgOriginal=srkFPZ.jpg, imgLevel=0, boardNo=504], BoardImage [imgNo=49, imgPath=/resources/images/board/, imgName=20220111153328_77524.jpg, imgOriginal=srkFPZ.jpg, imgLevel=2, boardNo=504]]], Board [boardNo=503, boardTitle=테텥테틑셑슽스, boardContent=null, createDate=2022-01-10, modifyDate=null, readCount=10, memberNo=1, statusCode=1, categoryCode=1, memberName=유저일, categoryName=잡담, statusName=정상, imgList=[BoardImage [imgNo=21, imgPath=/resources/images/board/, imgName=20220111153510_24594.jpg, imgOriginal=srkFPZ.jpg, imgLevel=0, boardNo=503]]], Board [boardNo=502, boardTitle=테테테텥ㅌ텥텥트스슽, boardContent=null, createDate=2022-01-10, modifyDate=null, readCount=1, memberNo=1, statusCode=1, categoryCode=1, memberName=유저일, categoryName=잡담, statusName=정상, imgList=[]], Board [boardNo=501, boardTitle=123, boardContent=null, createDate=2022-01-10, modifyDate=null, readCount=0, memberNo=1, statusCode=1, categoryCode=1, memberName=유저일, categoryName=잡담, statusName=정상, imgList=[]], Board [boardNo=500, boardTitle=500번째 게시글, boardContent=null, createDate=2022-01-07, modifyDate=null, readCount=1, memberNo=1, statusCode=1, categoryCode=1, memberName=유저일, categoryName=잡담, statusName=정상, imgList=[BoardImage [imgNo=1, imgPath=/resources/images/board/, imgName=sample1.jpg, imgOriginal=sample1.jpg, imgLevel=0, boardNo=500], BoardImage [imgNo=2, imgPath=/resources/images/board/, imgName=sample2.gif, imgOriginal=sample2.gif, imgLevel=1, boardNo=500], BoardImage [imgNo=3, imgPath=/resources/images/board/, imgName=sample3.jpg, imgOriginal=sample3.jpg, imgLevel=2, boardNo=500], BoardImage [imgNo=4, imgPath=/resources/images/board/, imgName=sample4.gif, imgOriginal=sample4.gif, imgLevel=3, boardNo=500]]], Board [boardNo=498, boardTitle=498번째 게시글, boardContent=null, createDate=2022-01-07, modifyDate=null, readCount=0, memberNo=1, statusCode=5, categoryCode=1, memberName=유저일, categoryName=잡담, statusName=블라인드, imgList=[]], Board [boardNo=497, boardTitle=497번째 게시글, boardContent=null, createDate=2022-01-07, modifyDate=null, readCount=0, memberNo=1, statusCode=1, categoryCode=2, memberName=유저일, categoryName=질문, statusName=정상, imgList=[]], Board [boardNo=496, boardTitle=496번째 게시글, boardContent=null, createDate=2022-01-07, modifyDate=null, readCount=0, memberNo=1, statusCode=1, categoryCode=1, memberName=유저일, categoryName=잡담, statusName=정상, imgList=[]], Board [boardNo=495, boardTitle=495번째 게시글, boardContent=null, createDate=2022-01-07, modifyDate=null, readCount=0, memberNo=1, statusCode=1, categoryCode=2, memberName=유저일, categoryName=질문, statusName=정상, imgList=[]]]}, edu.kh.fin.board.model.vo.Search@4559cd2d]
2022-01-18 15:49:14 [INFO] [ip]0:0:0:0:0:0:0:1(id:user01) [Controller]ChatController.chatRoomList
2022-01-18 15:49:14 [DEBUG] [Service]ChatController-chatRoomList()[Running Time]3ms[Param][{loginMember=Member [memberNo=1, memberId=user01, memberPw=null, memberName=유저일, memberPhone=010-1111-1111, memberEmail=user01@kh.or.kr, memberAddress=06134,,서울특별시 강남구 테헤란로 101,,2층, enrollDate=2022-01-03, statusCode=1, gradeCode=1], chatRoomList=[edu.kh.fin.chat.model.vo.ChatRoom@6c8f5a7e, edu.kh.fin.chat.model.vo.ChatRoom@6248b99f, edu.kh.fin.chat.model.vo.ChatRoom@6677310e]}]
2022-01-18 15:49:15 [INFO] [ip]0:0:0:0:0:0:0:1(id:user01) [Controller]BoardController.selectBoardList
2022-01-18 15:49:15 [DEBUG] [Service]BoardController-selectBoardList()[Running Time]22ms[Param][1, {loginMember=Member [memberNo=1, memberId=user01, memberPw=null, memberName=유저일, memberPhone=010-1111-1111, memberEmail=user01@kh.or.kr, memberAddress=06134,,서울특별시 강남구 테헤란로 101,,2층, enrollDate=2022-01-03, statusCode=1, gradeCode=1], search=edu.kh.fin.board.model.vo.Search@7a453c88, org.springframework.validation.BindingResult.search=org.springframework.validation.BeanPropertyBindingResult: 0 errors, category=[Category [categoryCode=1, categoryName=잡담], Category [categoryCode=2, categoryName=질문], Category [categoryCode=3, categoryName=뉴스]], pagination=Pagination [currentPage=1, listCount=409, limit=10, pageSize=10, maxPage=41, startPage=1, endPage=10, prevPage=1, nextPage=11], boardList=[Board [boardNo=521, boardTitle=123, boardContent=null, createDate=2022-01-11, modifyDate=null, readCount=82, memberNo=1, statusCode=1, categoryCode=3, memberName=유저일, categoryName=뉴스, statusName=정상, imgList=[BoardImage [imgNo=42, imgPath=/resources/images/board/, imgName=20220111152352_85433.jpg, imgOriginal=srkFPZ.jpg, imgLevel=0, boardNo=521], BoardImage [imgNo=47, imgPath=/resources/images/board/, imgName=20220111153152_57853.jpg, imgOriginal=srkFPZ.jpg, imgLevel=1, boardNo=521]]], Board [boardNo=504, boardTitle=testtest, boardContent=null, createDate=2022-01-10, modifyDate=null, readCount=53, memberNo=1, statusCode=1, categoryCode=1, memberName=유저일, categoryName=잡담, statusName=정상, imgList=[BoardImage [imgNo=24, imgPath=/resources/images/board/, imgName=20220110170633_52840.jpg, imgOriginal=srkFPZ.jpg, imgLevel=0, boardNo=504], BoardImage [imgNo=49, imgPath=/resources/images/board/, imgName=20220111153328_77524.jpg, imgOriginal=srkFPZ.jpg, imgLevel=2, boardNo=504]]], Board [boardNo=503, boardTitle=테텥테틑셑슽스, boardContent=null, createDate=2022-01-10, modifyDate=null, readCount=10, memberNo=1, statusCode=1, categoryCode=1, memberName=유저일, categoryName=잡담, statusName=정상, imgList=[BoardImage [imgNo=21, imgPath=/resources/images/board/, imgName=20220111153510_24594.jpg, imgOriginal=srkFPZ.jpg, imgLevel=0, boardNo=503]]], Board [boardNo=502, boardTitle=테테테텥ㅌ텥텥트스슽, boardContent=null, createDate=2022-01-10, modifyDate=null, readCount=1, memberNo=1, statusCode=1, categoryCode=1, memberName=유저일, categoryName=잡담, statusName=정상, imgList=[]], Board [boardNo=501, boardTitle=123, boardContent=null, createDate=2022-01-10, modifyDate=null, readCount=0, memberNo=1, statusCode=1, categoryCode=1, memberName=유저일, categoryName=잡담, statusName=정상, imgList=[]], Board [boardNo=500, boardTitle=500번째 게시글, boardContent=null, createDate=2022-01-07, modifyDate=null, readCount=1, memberNo=1, statusCode=1, categoryCode=1, memberName=유저일, categoryName=잡담, statusName=정상, imgList=[BoardImage [imgNo=1, imgPath=/resources/images/board/, imgName=sample1.jpg, imgOriginal=sample1.jpg, imgLevel=0, boardNo=500], BoardImage [imgNo=2, imgPath=/resources/images/board/, imgName=sample2.gif, imgOriginal=sample2.gif, imgLevel=1, boardNo=500], BoardImage [imgNo=3, imgPath=/resources/images/board/, imgName=sample3.jpg, imgOriginal=sample3.jpg, imgLevel=2, boardNo=500], BoardImage [imgNo=4, imgPath=/resources/images/board/, imgName=sample4.gif, imgOriginal=sample4.gif, imgLevel=3, boardNo=500]]], Board [boardNo=498, boardTitle=498번째 게시글, boardContent=null, createDate=2022-01-07, modifyDate=null, readCount=0, memberNo=1, statusCode=5, categoryCode=1, memberName=유저일, categoryName=잡담, statusName=블라인드, imgList=[]], Board [boardNo=497, boardTitle=497번째 게시글, boardContent=null, createDate=2022-01-07, modifyDate=null, readCount=0, memberNo=1, statusCode=1, categoryCode=2, memberName=유저일, categoryName=질문, statusName=정상, imgList=[]], Board [boardNo=496, boardTitle=496번째 게시글, boardContent=null, createDate=2022-01-07, modifyDate=null, readCount=0, memberNo=1, statusCode=1, categoryCode=1, memberName=유저일, categoryName=잡담, statusName=정상, imgList=[]], Board [boardNo=495, boardTitle=495번째 게시글, boardContent=null, createDate=2022-01-07, modifyDate=null, readCount=0, memberNo=1, statusCode=1, categoryCode=2, memberName=유저일, categoryName=질문, statusName=정상, imgList=[]]]}, edu.kh.fin.board.model.vo.Search@7a453c88]
2022-01-18 15:49:16 [INFO] [ip]0:0:0:0:0:0:0:1(id:user01) [Controller]ChatController.chatRoomList
2022-01-18 15:49:16 [DEBUG] [Service]ChatController-chatRoomList()[Running Time]3ms[Param][{loginMember=Member [memberNo=1, memberId=user01, memberPw=null, memberName=유저일, memberPhone=010-1111-1111, memberEmail=user01@kh.or.kr, memberAddress=06134,,서울특별시 강남구 테헤란로 101,,2층, enrollDate=2022-01-03, statusCode=1, gradeCode=1], chatRoomList=[edu.kh.fin.chat.model.vo.ChatRoom@39f0e278, edu.kh.fin.chat.model.vo.ChatRoom@16403f86, edu.kh.fin.chat.model.vo.ChatRoom@5e5ea501]}]
2022-01-18 15:49:17 [INFO] [ip]0:0:0:0:0:0:0:1(id:user01) [Controller]ChatController.chatRoomList
2022-01-18 15:49:17 [DEBUG] [Service]ChatController-chatRoomList()[Running Time]2ms[Param][{loginMember=Member [memberNo=1, memberId=user01, memberPw=null, memberName=유저일, memberPhone=010-1111-1111, memberEmail=user01@kh.or.kr, memberAddress=06134,,서울특별시 강남구 테헤란로 101,,2층, enrollDate=2022-01-03, statusCode=1, gradeCode=1], chatRoomList=[edu.kh.fin.chat.model.vo.ChatRoom@4aa2e48f, edu.kh.fin.chat.model.vo.ChatRoom@2f7b1440, edu.kh.fin.chat.model.vo.ChatRoom@4f57b79a]}]
2022-01-18 15:49:17 [INFO] [ip]0:0:0:0:0:0:0:1(id:user01) [Controller]ChatController.chatRoomList
2022-01-18 15:49:17 [DEBUG] [Service]ChatController-chatRoomList()[Running Time]2ms[Param][{loginMember=Member [memberNo=1, memberId=user01, memberPw=null, memberName=유저일, memberPhone=010-1111-1111, memberEmail=user01@kh.or.kr, memberAddress=06134,,서울특별시 강남구 테헤란로 101,,2층, enrollDate=2022-01-03, statusCode=1, gradeCode=1], chatRoomList=[edu.kh.fin.chat.model.vo.ChatRoom@4ccc0e07, edu.kh.fin.chat.model.vo.ChatRoom@7ef7880a, edu.kh.fin.chat.model.vo.ChatRoom@1b668732]}]
2022-01-18 15:49:18 [INFO] [ip]0:0:0:0:0:0:0:1(id:user01) [Controller]ChatController.chatRoomList
2022-01-18 15:49:18 [DEBUG] [Service]ChatController-chatRoomList()[Running Time]3ms[Param][{loginMember=Member [memberNo=1, memberId=user01, memberPw=null, memberName=유저일, memberPhone=010-1111-1111, memberEmail=user01@kh.or.kr, memberAddress=06134,,서울특별시 강남구 테헤란로 101,,2층, enrollDate=2022-01-03, statusCode=1, gradeCode=1], chatRoomList=[edu.kh.fin.chat.model.vo.ChatRoom@46b1d655, edu.kh.fin.chat.model.vo.ChatRoom@78491966, edu.kh.fin.chat.model.vo.ChatRoom@4fc342f7]}]
2022-01-18 15:49:18 [INFO] [ip]0:0:0:0:0:0:0:1(id:user01) [Controller]BoardController.selectBoardList
2022-01-18 15:49:18 [DEBUG] [Service]BoardController-selectBoardList()[Running Time]16ms[Param][1, {loginMember=Member [memberNo=1, memberId=user01, memberPw=null, memberName=유저일, memberPhone=010-1111-1111, memberEmail=user01@kh.or.kr, memberAddress=06134,,서울특별시 강남구 테헤란로 101,,2층, enrollDate=2022-01-03, statusCode=1, gradeCode=1], search=edu.kh.fin.board.model.vo.Search@3c0d76a2, org.springframework.validation.BindingResult.search=org.springframework.validation.BeanPropertyBindingResult: 0 errors, category=[Category [categoryCode=1, categoryName=잡담], Category [categoryCode=2, categoryName=질문], Category [categoryCode=3, categoryName=뉴스]], pagination=Pagination [currentPage=1, listCount=409, limit=10, pageSize=10, maxPage=41, startPage=1, endPage=10, prevPage=1, nextPage=11], boardList=[Board [boardNo=521, boardTitle=123, boardContent=null, createDate=2022-01-11, modifyDate=null, readCount=82, memberNo=1, statusCode=1, categoryCode=3, memberName=유저일, categoryName=뉴스, statusName=정상, imgList=[BoardImage [imgNo=42, imgPath=/resources/images/board/, imgName=20220111152352_85433.jpg, imgOriginal=srkFPZ.jpg, imgLevel=0, boardNo=521], BoardImage [imgNo=47, imgPath=/resources/images/board/, imgName=20220111153152_57853.jpg, imgOriginal=srkFPZ.jpg, imgLevel=1, boardNo=521]]], Board [boardNo=504, boardTitle=testtest, boardContent=null, createDate=2022-01-10, modifyDate=null, readCount=53, memberNo=1, statusCode=1, categoryCode=1, memberName=유저일, categoryName=잡담, statusName=정상, imgList=[BoardImage [imgNo=24, imgPath=/resources/images/board/, imgName=20220110170633_52840.jpg, imgOriginal=srkFPZ.jpg, imgLevel=0, boardNo=504], BoardImage [imgNo=49, imgPath=/resources/images/board/, imgName=20220111153328_77524.jpg, imgOriginal=srkFPZ.jpg, imgLevel=2, boardNo=504]]], Board [boardNo=503, boardTitle=테텥테틑셑슽스, boardContent=null, createDate=2022-01-10, modifyDate=null, readCount=10, memberNo=1, statusCode=1, categoryCode=1, memberName=유저일, categoryName=잡담, statusName=정상, imgList=[BoardImage [imgNo=21, imgPath=/resources/images/board/, imgName=20220111153510_24594.jpg, imgOriginal=srkFPZ.jpg, imgLevel=0, boardNo=503]]], Board [boardNo=502, boardTitle=테테테텥ㅌ텥텥트스슽, boardContent=null, createDate=2022-01-10, modifyDate=null, readCount=1, memberNo=1, statusCode=1, categoryCode=1, memberName=유저일, categoryName=잡담, statusName=정상, imgList=[]], Board [boardNo=501, boardTitle=123, boardContent=null, createDate=2022-01-10, modifyDate=null, readCount=0, memberNo=1, statusCode=1, categoryCode=1, memberName=유저일, categoryName=잡담, statusName=정상, imgList=[]], Board [boardNo=500, boardTitle=500번째 게시글, boardContent=null, createDate=2022-01-07, modifyDate=null, readCount=1, memberNo=1, statusCode=1, categoryCode=1, memberName=유저일, categoryName=잡담, statusName=정상, imgList=[BoardImage [imgNo=1, imgPath=/resources/images/board/, imgName=sample1.jpg, imgOriginal=sample1.jpg, imgLevel=0, boardNo=500], BoardImage [imgNo=2, imgPath=/resources/images/board/, imgName=sample2.gif, imgOriginal=sample2.gif, imgLevel=1, boardNo=500], BoardImage [imgNo=3, imgPath=/resources/images/board/, imgName=sample3.jpg, imgOriginal=sample3.jpg, imgLevel=2, boardNo=500], BoardImage [imgNo=4, imgPath=/resources/images/board/, imgName=sample4.gif, imgOriginal=sample4.gif, imgLevel=3, boardNo=500]]], Board [boardNo=498, boardTitle=498번째 게시글, boardContent=null, createDate=2022-01-07, modifyDate=null, readCount=0, memberNo=1, statusCode=5, categoryCode=1, memberName=유저일, categoryName=잡담, statusName=블라인드, imgList=[]], Board [boardNo=497, boardTitle=497번째 게시글, boardContent=null, createDate=2022-01-07, modifyDate=null, readCount=0, memberNo=1, statusCode=1, categoryCode=2, memberName=유저일, categoryName=질문, statusName=정상, imgList=[]], Board [boardNo=496, boardTitle=496번째 게시글, boardContent=null, createDate=2022-01-07, modifyDate=null, readCount=0, memberNo=1, statusCode=1, categoryCode=1, memberName=유저일, categoryName=잡담, statusName=정상, imgList=[]], Board [boardNo=495, boardTitle=495번째 게시글, boardContent=null, createDate=2022-01-07, modifyDate=null, readCount=0, memberNo=1, statusCode=1, categoryCode=2, memberName=유저일, categoryName=질문, statusName=정상, imgList=[]]]}, edu.kh.fin.board.model.vo.Search@3c0d76a2]
2022-01-18 15:49:19 [INFO] [ip]0:0:0:0:0:0:0:1(id:user01) [Controller]ChatController.chatRoomList
2022-01-18 15:49:19 [DEBUG] [Service]ChatController-chatRoomList()[Running Time]2ms[Param][{loginMember=Member [memberNo=1, memberId=user01, memberPw=null, memberName=유저일, memberPhone=010-1111-1111, memberEmail=user01@kh.or.kr, memberAddress=06134,,서울특별시 강남구 테헤란로 101,,2층, enrollDate=2022-01-03, statusCode=1, gradeCode=1], chatRoomList=[edu.kh.fin.chat.model.vo.ChatRoom@16371984, edu.kh.fin.chat.model.vo.ChatRoom@18f0f532, edu.kh.fin.chat.model.vo.ChatRoom@1ccf72f4]}]
2022-01-18 15:49:19 [INFO] [ip]0:0:0:0:0:0:0:1(id:user01) [Controller]ChatController.joinChatRoom
2022-01-18 15:49:19 [DEBUG] [Service]ChatController-joinChatRoom()[Running Time]91ms[Param][4, Member [memberNo=1, memberId=user01, memberPw=null, memberName=유저일, memberPhone=010-1111-1111, memberEmail=user01@kh.or.kr, memberAddress=06134,,서울특별시 강남구 테헤란로 101,,2층, enrollDate=2022-01-03, statusCode=1, gradeCode=1], {loginMember=Member [memberNo=1, memberId=user01, memberPw=null, memberName=유저일, memberPhone=010-1111-1111, memberEmail=user01@kh.or.kr, memberAddress=06134,,서울특별시 강남구 테헤란로 101,,2층, enrollDate=2022-01-03, statusCode=1, gradeCode=1], org.springframework.validation.BindingResult.loginMember=org.springframework.validation.BeanPropertyBindingResult: 0 errors, chatRoomJoin=edu.kh.fin.chat.model.vo.ChatRoomJoin@1509f360, org.springframework.validation.BindingResult.chatRoomJoin=org.springframework.validation.BeanPropertyBindingResult: 0 errors, list=[ChatMessage [chatMessageNo=0, message=gd, createDate=2022-01-18 09:35:22, chatRoomNo=0, memberNo=1, memberName=유저일, memberId=null], ChatMessage [chatMessageNo=0, message=123123, createDate=2022-01-18 09:35:23, chatRoomNo=0, memberNo=1, memberName=유저일, memberId=null], ChatMessage [chatMessageNo=0, message=&lt;h1&gt;asd&lt;/h1&gt;<br>adf, createDate=2022-01-18 09:48:10, chatRoomNo=0, memberNo=1, memberName=유저일, memberId=null], ChatMessage [chatMessageNo=0, message=&lt;h1&gt;asd&lt;/h1&gt;<br>adf, createDate=2022-01-18 09:48:19, chatRoomNo=0, memberNo=1, memberName=유저일, memberId=null], ChatMessage [chatMessageNo=0, message=&lt;h1&gt;asd&lt;/h1&gt;<br>adf, createDate=2022-01-18 09:48:20, chatRoomNo=0, memberNo=1, memberName=유저일, memberId=null], ChatMessage [chatMessageNo=0, message=&lt;h1&gt;asd&lt;/h1&gt;<br>adf, createDate=2022-01-18 09:48:34, chatRoomNo=0, memberNo=1, memberName=유저일, memberId=null], ChatMessage [chatMessageNo=0, message=&lt;h1&gt;asd&lt;/h1&gt;<br><br>adf, createDate=2022-01-18 09:48:37, chatRoomNo=0, memberNo=1, memberName=유저일, memberId=null], ChatMessage [chatMessageNo=0, message=123, createDate=2022-01-18 10:05:35, chatRoomNo=0, memberNo=1, memberName=유저일, memberId=null], ChatMessage [chatMessageNo=0, message= &lt;h1&gt;asd&lt;/h1&gt;<br><br>adf, createDate=2022-01-18 10:05:39, chatRoomNo=0, memberNo=1, memberName=유저일, memberId=null], ChatMessage [chatMessageNo=0, message=줄<br>바<br><br>꿈, createDate=2022-01-18 10:06:38, chatRoomNo=0, memberNo=1, memberName=유저일, memberId=null], ChatMessage [chatMessageNo=0, message=줄<br>바<br><br>꿈, createDate=2022-01-18 10:07:31, chatRoomNo=0, memberNo=1, memberName=유저일, memberId=null], ChatMessage [chatMessageNo=0, message=null, createDate=2022-01-18 10:33:05, chatRoomNo=0, memberNo=1, memberName=유저일, memberId=null], ChatMessage [chatMessageNo=0, message=null, createDate=2022-01-18 10:34:45, chatRoomNo=0, memberNo=1, memberName=유저일, memberId=null], ChatMessage [chatMessageNo=0, message=null, createDate=2022-01-18 10:37:58, chatRoomNo=0, memberNo=1, memberName=유저일, memberId=null], ChatMessage [chatMessageNo=0, message=null, createDate=2022-01-18 10:38:04, chatRoomNo=0, memberNo=1, memberName=유저일, memberId=null]], chatRoomNo=4}, edu.kh.fin.chat.model.vo.ChatRoomJoin@1509f360, {}]
2022-01-18 15:49:21 [INFO] [ip]0:0:0:0:0:0:0:1(id:user01) [Controller]BoardController.selectBoardList
2022-01-18 15:49:21 [DEBUG] [Service]BoardController-selectBoardList()[Running Time]16ms[Param][1, {loginMember=Member [memberNo=1, memberId=user01, memberPw=null, memberName=유저일, memberPhone=010-1111-1111, memberEmail=user01@kh.or.kr, memberAddress=06134,,서울특별시 강남구 테헤란로 101,,2층, enrollDate=2022-01-03, statusCode=1, gradeCode=1], search=edu.kh.fin.board.model.vo.Search@3ce26b25, org.springframework.validation.BindingResult.search=org.springframework.validation.BeanPropertyBindingResult: 0 errors, category=[Category [categoryCode=1, categoryName=잡담], Category [categoryCode=2, categoryName=질문], Category [categoryCode=3, categoryName=뉴스]], pagination=Pagination [currentPage=1, listCount=409, limit=10, pageSize=10, maxPage=41, startPage=1, endPage=10, prevPage=1, nextPage=11], boardList=[Board [boardNo=521, boardTitle=123, boardContent=null, createDate=2022-01-11, modifyDate=null, readCount=82, memberNo=1, statusCode=1, categoryCode=3, memberName=유저일, categoryName=뉴스, statusName=정상, imgList=[BoardImage [imgNo=42, imgPath=/resources/images/board/, imgName=20220111152352_85433.jpg, imgOriginal=srkFPZ.jpg, imgLevel=0, boardNo=521], BoardImage [imgNo=47, imgPath=/resources/images/board/, imgName=20220111153152_57853.jpg, imgOriginal=srkFPZ.jpg, imgLevel=1, boardNo=521]]], Board [boardNo=504, boardTitle=testtest, boardContent=null, createDate=2022-01-10, modifyDate=null, readCount=53, memberNo=1, statusCode=1, categoryCode=1, memberName=유저일, categoryName=잡담, statusName=정상, imgList=[BoardImage [imgNo=24, imgPath=/resources/images/board/, imgName=20220110170633_52840.jpg, imgOriginal=srkFPZ.jpg, imgLevel=0, boardNo=504], BoardImage [imgNo=49, imgPath=/resources/images/board/, imgName=20220111153328_77524.jpg, imgOriginal=srkFPZ.jpg, imgLevel=2, boardNo=504]]], Board [boardNo=503, boardTitle=테텥테틑셑슽스, boardContent=null, createDate=2022-01-10, modifyDate=null, readCount=10, memberNo=1, statusCode=1, categoryCode=1, memberName=유저일, categoryName=잡담, statusName=정상, imgList=[BoardImage [imgNo=21, imgPath=/resources/images/board/, imgName=20220111153510_24594.jpg, imgOriginal=srkFPZ.jpg, imgLevel=0, boardNo=503]]], Board [boardNo=502, boardTitle=테테테텥ㅌ텥텥트스슽, boardContent=null, createDate=2022-01-10, modifyDate=null, readCount=1, memberNo=1, statusCode=1, categoryCode=1, memberName=유저일, categoryName=잡담, statusName=정상, imgList=[]], Board [boardNo=501, boardTitle=123, boardContent=null, createDate=2022-01-10, modifyDate=null, readCount=0, memberNo=1, statusCode=1, categoryCode=1, memberName=유저일, categoryName=잡담, statusName=정상, imgList=[]], Board [boardNo=500, boardTitle=500번째 게시글, boardContent=null, createDate=2022-01-07, modifyDate=null, readCount=1, memberNo=1, statusCode=1, categoryCode=1, memberName=유저일, categoryName=잡담, statusName=정상, imgList=[BoardImage [imgNo=1, imgPath=/resources/images/board/, imgName=sample1.jpg, imgOriginal=sample1.jpg, imgLevel=0, boardNo=500], BoardImage [imgNo=2, imgPath=/resources/images/board/, imgName=sample2.gif, imgOriginal=sample2.gif, imgLevel=1, boardNo=500], BoardImage [imgNo=3, imgPath=/resources/images/board/, imgName=sample3.jpg, imgOriginal=sample3.jpg, imgLevel=2, boardNo=500], BoardImage [imgNo=4, imgPath=/resources/images/board/, imgName=sample4.gif, imgOriginal=sample4.gif, imgLevel=3, boardNo=500]]], Board [boardNo=498, boardTitle=498번째 게시글, boardContent=null, createDate=2022-01-07, modifyDate=null, readCount=0, memberNo=1, statusCode=5, categoryCode=1, memberName=유저일, categoryName=잡담, statusName=블라인드, imgList=[]], Board [boardNo=497, boardTitle=497번째 게시글, boardContent=null, createDate=2022-01-07, modifyDate=null, readCount=0, memberNo=1, statusCode=1, categoryCode=2, memberName=유저일, categoryName=질문, statusName=정상, imgList=[]], Board [boardNo=496, boardTitle=496번째 게시글, boardContent=null, createDate=2022-01-07, modifyDate=null, readCount=0, memberNo=1, statusCode=1, categoryCode=1, memberName=유저일, categoryName=잡담, statusName=정상, imgList=[]], Board [boardNo=495, boardTitle=495번째 게시글, boardContent=null, createDate=2022-01-07, modifyDate=null, readCount=0, memberNo=1, statusCode=1, categoryCode=2, memberName=유저일, categoryName=질문, statusName=정상, imgList=[]]]}, edu.kh.fin.board.model.vo.Search@3ce26b25]
2022-01-18 15:49:23 [INFO] [ip]0:0:0:0:0:0:0:1(id:user01) [Controller]HomeController.mainForward
2022-01-18 15:49:23 [DEBUG] [Service]HomeController-mainForward()[Running Time]0ms[Param][]
2022-01-18 15:49:42 [INFO] [ip]0:0:0:0:0:0:0:1(id:user01) [Controller]HomeController.mainForward
2022-01-18 15:49:42 [DEBUG] [Service]HomeController-mainForward()[Running Time]0ms[Param][]
2022-01-18 15:49:45 [INFO] [ip]0:0:0:0:0:0:0:1(id:user01) [Controller]HomeController.mainForward
2022-01-18 15:49:45 [DEBUG] [Service]HomeController-mainForward()[Running Time]0ms[Param][]
2022-01-18 15:49:45 [INFO] [ip]0:0:0:0:0:0:0:1(id:user01) [Controller]HomeController.mainForward
2022-01-18 15:49:45 [DEBUG] [Service]HomeController-mainForward()[Running Time]0ms[Param][]
2022-01-18 15:49:46 [INFO] [ip]0:0:0:0:0:0:0:1(id:user01) [Controller]HomeController.mainForward
2022-01-18 15:49:46 [DEBUG] [Service]HomeController-mainForward()[Running Time]0ms[Param][]
